<?xml version="1.0" encoding="UTF-8"?>
<!-- Generated by org.testng.reporters.JUnitReportReporter -->
<testsuite hostname="DESKTOP-6PUN81S" failures="0" tests="7" name="com.runners.CucumberRunner" time="888.105" errors="0" timestamp="2024-11-18T15:57:56 IST" skipped="0">
  <testcase classname="com.runners.CucumberRunner" name="runScenario" time="107.081">
    <system-out>
      <![CDATA[Browser is opened
User is hover on the location and click on banglore
user is mouse hover on the buy link
Budget Homes is displayed
user is able to click on BudgetHomes and naviagted to the BudgetHomes Page
User is able to click on BudgetLink
user is able to select the ₹ 2.0 Cr Option
user is navigate to the ₹ 2.0 Cr Page]]>
    </system-out>
  </testcase> <!-- runScenario -->
  <testcase classname="com.runners.CucumberRunner" name="runScenario" time="226.653">
    <system-out>
      <![CDATA[Browser is opened
User is logged in
Browser is opened
User is hover on the location and click on banglore
user is mouse hover on the buy link
user is able to click on BudgetHomes and naviagted to the BudgetHomes Page
user is click on like button
user is able to click on shortlist button
user is click on view your shortlist properties link
user is able to see the flat in shortlist page]]>
    </system-out>
  </testcase> <!-- runScenario -->
  <testcase classname="com.runners.CucumberRunner" name="runScenario" time="108.429">
    <system-out>
      <![CDATA[Browser is opened
User is hover on the location and click on banglore
user is mouse hover on the buy link
Budget Homes is displayed
user is able to click on BudgetHomes and naviagted to the BudgetHomes Page
User is able to click on BudgetLink
user is able to select the ₹ 80 Lac Option
user is navigate to the ₹ 80 Lac Page]]>
    </system-out>
  </testcase> <!-- runScenario -->
  <testcase classname="com.runners.CucumberRunner" name="runScenario" time="108.869">
    <system-out>
      <![CDATA[Browser is opened
User is hover on the location and click on banglore
user is mouse hover on the buy link
Budget Homes is displayed
user is able to click on BudgetHomes and naviagted to the BudgetHomes Page
User is able to click on BudgetLink
user is able to select the ₹ 1 Cr Option
user is navigate to the ₹ 1 Cr Page]]>
    </system-out>
  </testcase> <!-- runScenario -->
  <testcase classname="com.runners.CucumberRunner" name="runScenario" time="116.591">
    <system-out>
      <![CDATA[Browser is opened
User is hover on the location and click on banglore
user is mouse hover on the buy link
Budget Homes is displayed
Flat in Banglore Page is displayed
User is click on MenuBar Icon
Help Link is displayed
user is able to click on help link
user clicks on help center and navigate to the help center page
user clicks on the Explore More Link
user click on manage calls/Alerts link and navigate to Manage Calls/Alters Page
user is able to click on first qustion]]>
    </system-out>
  </testcase> <!-- runScenario -->
  <testcase classname="com.runners.CucumberRunner" name="runScenario" time="108.794">
    <system-out>
      <![CDATA[Browser is opened
User is hover on the location and click on banglore
user is mouse hover on the buy link
Budget Homes is displayed
User is able to navigte the Premium Homes Page
user is able to mouse hover on HomeLoans Link
user is click on the SBIHomeLoanEMICalculator Link and navigate to the SBIHomeLoanEMICalculator Page
user is able to change the LoanTenure Years
user is click on RecalculateYourEMI button and EMI amount is displayed]]>
    </system-out>
  </testcase> <!-- runScenario -->
  <testcase classname="com.runners.CucumberRunner" name="runScenario" time="111.688">
    <system-out>
      <![CDATA[Browser is opened
User is hover on the location and click on banglore
user is mouse hover on the buy link
Budget Homes is displayed
user is able to click on BudgetHomes and naviagted to the BudgetHomes Page
user is click on BHK link
user is click on 1bhk link]]>
    </system-out>
  </testcase> <!-- runScenario -->
  <system-out>
    <![CDATA[Browser is opened
User is hover on the location and click on banglore
user is mouse hover on the buy link
Budget Homes is displayed
Flat in Banglore Page is displayed
User is click on MenuBar Icon
Help Link is displayed
user is able to click on help link
user clicks on help center and navigate to the help center page
user clicks on the Explore More Link
user click on manage calls/Alerts link and navigate to Manage Calls/Alters Page
user is able to click on first qustion
Browser is opened
User is hover on the location and click on banglore
user is mouse hover on the buy link
Budget Homes is displayed
User is able to navigte the Premium Homes Page
user is able to mouse hover on HomeLoans Link
user is click on the SBIHomeLoanEMICalculator Link and navigate to the SBIHomeLoanEMICalculator Page
user is able to change the LoanTenure Years
user is click on RecalculateYourEMI button and EMI amount is displayed
Browser is opened
User is hover on the location and click on banglore
user is mouse hover on the buy link
Budget Homes is displayed
user is able to click on BudgetHomes and naviagted to the BudgetHomes Page
user is click on BHK link
user is click on 1bhk link
Browser is opened
User is hover on the location and click on banglore
user is mouse hover on the buy link
Budget Homes is displayed
user is able to click on BudgetHomes and naviagted to the BudgetHomes Page
User is able to click on BudgetLink
user is able to select the ₹ 80 Lac Option
user is navigate to the ₹ 80 Lac Page
Browser is opened
User is hover on the location and click on banglore
user is mouse hover on the buy link
Budget Homes is displayed
user is able to click on BudgetHomes and naviagted to the BudgetHomes Page
User is able to click on BudgetLink
user is able to select the ₹ 1 Cr Option
user is navigate to the ₹ 1 Cr Page
Browser is opened
User is hover on the location and click on banglore
user is mouse hover on the buy link
Budget Homes is displayed
user is able to click on BudgetHomes and naviagted to the BudgetHomes Page
User is able to click on BudgetLink
user is able to select the ₹ 2.0 Cr Option
user is navigate to the ₹ 2.0 Cr Page
Browser is opened
User is logged in
Browser is opened
User is hover on the location and click on banglore
user is mouse hover on the buy link
user is able to click on BudgetHomes and naviagted to the BudgetHomes Page
user is click on like button
user is able to click on shortlist button
user is click on view your shortlist properties link
user is able to see the flat in shortlist page]]>
  </system-out>
</testsuite> <!-- com.runners.CucumberRunner -->
